<?xml version="1.0" encoding="UTF-8"?>
<!-- Generated by org.testng.reporters.JUnitReportReporter -->
<testsuite hostname="ILAPO-22-1543" failures="0" tests="2" name="KanhaFrameworkDesign.tests.ErrorValidationTest" time="16.657" errors="0" timestamp="2024-10-11T14:39:05 IST" skipped="0">
  <testcase classname="KanhaFrameworkDesign.tests.ErrorValidationTest" name="loginErrorValidation" time="3.821"/>
  <testcase classname="KanhaFrameworkDesign.tests.ErrorValidationTest" name="productErrorValidation" time="12.836"/>
</testsuite> <!-- KanhaFrameworkDesign.tests.ErrorValidationTest -->
