<?xml version="1.0" encoding="UTF-8"?>
<!-- Generated by org.testng.reporters.JUnitReportReporter -->
<testsuite hostname="ILAPO-22-1543" failures="0" tests="1" name="Kanha.ExtentReport.ExtentReportDemo" time="5.952" errors="0" timestamp="2024-09-23T15:18:12 IST" skipped="0">
  <testcase classname="Kanha.ExtentReport.ExtentReportDemo" name="initialDemo" time="5.952"/>
  <system-out/>
</testsuite> <!-- Kanha.ExtentReport.ExtentReportDemo -->
