<?xml version="1.0" encoding="UTF-8"?>
<!-- Generated by org.testng.reporters.JUnitReportReporter -->
<testsuite hostname="ILAPO-22-1543" failures="0" tests="1" name="Streams.Stream" time="0.009" errors="0" timestamp="2024-06-06T10:33:30 IST" skipped="0">
  <testcase classname="Streams.Stream" name="inte" time="0.009"/>
  <system-out/>
</testsuite> <!-- Streams.Stream -->
