<?xml version="1.0" encoding="UTF-8"?>
<!-- Generated by org.testng.reporters.JUnitReportReporter -->
<testsuite hostname="ILAPO-22-1543" failures="0" tests="1" name="ExtentReport.ExtentReportDemo" time="4.753" errors="0" timestamp="2024-08-06T14:56:40 IST" skipped="0">
  <testcase classname="ExtentReport.ExtentReportDemo" name="initialDemo" time="4.753"/>
  <system-out/>
</testsuite> <!-- ExtentReport.ExtentReportDemo -->
