<?xml version="1.0" encoding="UTF-8"?>
<!-- Generated by org.testng.reporters.JUnitReportReporter -->
<testsuite hostname="ILAPO-22-1543" failures="0" tests="2" name="Streams.EshopLogin" time="1.068" errors="0" timestamp="2024-06-01T14:01:20 IST" skipped="0">
  <testcase classname="Streams.EshopLogin" name="login" time="0.847"/>
  <system-out/>
  <testcase classname="Streams.EshopLogin" name="dropDown" time="0.221"/>
  <system-out/>
</testsuite> <!-- Streams.EshopLogin -->
