<?xml version="1.0" encoding="UTF-8"?>
<!-- Generated by org.testng.reporters.JUnitReportReporter -->
<testsuite hostname="ILAPO-22-1543" failures="0" tests="2" name="KanhaFrameworkDesign.tests.ErrorValidationTest" time="11.813" errors="0" timestamp="2024-09-25T15:30:22 IST" skipped="0">
  <testcase classname="KanhaFrameworkDesign.tests.ErrorValidationTest" name="productErrorValidation" time="4.680"/>
  <testcase classname="KanhaFrameworkDesign.tests.ErrorValidationTest" name="loginErrorValidation" time="7.133"/>
</testsuite> <!-- KanhaFrameworkDesign.tests.ErrorValidationTest -->
