<?xml version="1.0" encoding="UTF-8"?>
<!-- Generated by org.testng.reporters.JUnitReportReporter -->
<testsuite hostname="ILAPO-22-1543" failures="0" tests="2" name="KanhaFrameworkDesign.tests.ErrorValidationTest" time="20.747" errors="0" timestamp="2024-10-10T19:31:45 IST" skipped="0">
  <testcase classname="KanhaFrameworkDesign.tests.ErrorValidationTest" name="loginErrorValidation" time="9.357"/>
  <testcase classname="KanhaFrameworkDesign.tests.ErrorValidationTest" name="productErrorValidation" time="11.390"/>
</testsuite> <!-- KanhaFrameworkDesign.tests.ErrorValidationTest -->
