<?xml version="1.0" encoding="UTF-8"?>
<!-- Generated by org.testng.reporters.JUnitReportReporter -->
<testsuite hostname="ILAPO-22-1543" failures="0" tests="2" name="KanhaFrameworkDesign.tests.ErrorValidationTest" time="37.456" errors="0" timestamp="2024-09-26T09:58:18 IST" skipped="0">
  <testcase classname="KanhaFrameworkDesign.tests.ErrorValidationTest" name="loginErrorValidation" time="6.889"/>
  <testcase classname="KanhaFrameworkDesign.tests.ErrorValidationTest" name="productErrorValidation" time="30.567"/>
</testsuite> <!-- KanhaFrameworkDesign.tests.ErrorValidationTest -->
