<?xml version="1.0" encoding="UTF-8"?>
<!-- Generated by org.testng.reporters.JUnitReportReporter -->
<testsuite hostname="ILAPO-22-1543" failures="0" tests="2" name="KanhaFrameworkDesign.tests.ErrorValidationTest" time="15.590" errors="0" timestamp="2024-10-10T19:53:31 IST" skipped="0">
  <testcase classname="KanhaFrameworkDesign.tests.ErrorValidationTest" name="productErrorValidation" time="12.615"/>
  <testcase classname="KanhaFrameworkDesign.tests.ErrorValidationTest" name="loginErrorValidation" time="2.975"/>
</testsuite> <!-- KanhaFrameworkDesign.tests.ErrorValidationTest -->
